# JRE version: Java(TM) SE Runtime Environment (21.0.7+8) (build 21.0.7+8-LTS-245)
# Java VM: Java HotSpot(TM) 64-Bit Server VM (21.0.7+8-LTS-245, mixed mode, sharing, tiered, compressed oops, compressed class ptrs, g1 gc, windows-amd64)
GC Precious Log:
 CardTable entry size: 512
 Card Set container configuration: InlinePtr #cards 4 size 8 Array Of Cards #cards 16 size 48 Howl #buckets 8 coarsen threshold 3686 Howl Bitmap #cards 512 size 80 coarsen threshold 460 Card regions per heap region 1 cards per card region 4096
 CPUs: 16 total, 16 available
 Memory: 16068M
 Large Page Support: Disabled
 NUMA Support: Disabled
 Compressed Oops: Enabled (Zero based)
 Heap Region Size: 2M
 Heap Min Capacity: 8M
 Heap Initial Capacity: 252M
 Heap Max Capacity: 4018M
 Pre-touch: Disabled
 Parallel Workers: 13
 Concurrent Workers: 3
 Concurrent Refinement Workers: 13
 Periodic GC: Disabled
Heap:
 garbage-first heap   total 151552K, used 60506K [0x0000000704e00000, 0x0000000800000000)
  region size 2048K, 16 young (32768K), 5 survivors (10240K)
 Metaspace       used 33712K, committed 34240K, reserved 1114112K
  class space    used 4702K, committed 4928K, reserved 1048576K
GC Heap History (8 events):
Event: 1.096 GC heap before
{Heap before GC invocations=0 (full 0):
 garbage-first heap   total 258048K, used 22528K [0x0000000704e00000, 0x0000000800000000)
  region size 2048K, 11 young (22528K), 0 survivors (0K)
 Metaspace       used 3700K, committed 3840K, reserved 1114112K
  class space    used 366K, committed 448K, reserved 1048576K
}
Event: 1.100 GC heap after
{Heap after GC invocations=1 (full 0):
 garbage-first heap   total 258048K, used 2533K [0x0000000704e00000, 0x0000000800000000)
  region size 2048K, 2 young (4096K), 2 survivors (4096K)
 Metaspace       used 3700K, committed 3840K, reserved 1114112K
  class space    used 366K, committed 448K, reserved 1048576K
}
Event: 1.962 GC heap before
{Heap before GC invocations=1 (full 0):
 garbage-first heap   total 258048K, used 47589K [0x0000000704e00000, 0x0000000800000000)
  region size 2048K, 22 young (45056K), 2 survivors (4096K)
 Metaspace       used 11798K, committed 12160K, reserved 1114112K
  class space    used 1622K, committed 1792K, reserved 1048576K
}
Event: 1.968 GC heap after
{Heap after GC invocations=2 (full 0):
 garbage-first heap   total 258048K, used 19109K [0x0000000704e00000, 0x0000000800000000)
  region size 2048K, 3 young (6144K), 3 survivors (6144K)
 Metaspace       used 11798K, committed 12160K, reserved 1114112K
  class space    used 1622K, committed 1792K, reserved 1048576K
}
Event: 59.844 GC heap before
{Heap before GC invocations=2 (full 0):
 garbage-first heap   total 258048K, used 76453K [0x0000000704e00000, 0x0000000800000000)
  region size 2048K, 20 young (40960K), 3 survivors (6144K)
 Metaspace       used 21116K, committed 21504K, reserved 1114112K
  class space    used 2729K, committed 2944K, reserved 1048576K
}
Event: 59.852 GC heap after
{Heap after GC invocations=3 (full 0):
 garbage-first heap   total 258048K, used 42277K [0x0000000704e00000, 0x0000000800000000)
  region size 2048K, 4 young (8192K), 4 survivors (8192K)
 Metaspace       used 21116K, committed 21504K, reserved 1114112K
  class space    used 2729K, committed 2944K, reserved 1048576K
}
Event: 85.772 GC heap before
{Heap before GC invocations=4 (full 0):
 garbage-first heap   total 151552K, used 111909K [0x0000000704e00000, 0x0000000800000000)
  region size 2048K, 36 young (73728K), 4 survivors (8192K)
 Metaspace       used 33442K, committed 33984K, reserved 1114112K
  class space    used 4691K, committed 4928K, reserved 1048576K
}
Event: 85.782 GC heap after
{Heap after GC invocations=5 (full 0):
 garbage-first heap   total 151552K, used 42074K [0x0000000704e00000, 0x0000000800000000)
  region size 2048K, 5 young (10240K), 5 survivors (10240K)
 Metaspace       used 33442K, committed 33984K, reserved 1114112K
  class space    used 4691K, committed 4928K, reserved 1048576K
}

